<?xml version="1.0" encoding="UTF-8"?>
<testsuite name="com.bt.phonecontrol.reservation.ReservationControllerTest" tests="0" skipped="0" failures="0" errors="0" timestamp="1970-01-01T00:00:00" hostname="W10G9G8542" time="0.0">
  <properties/>
  <system-out><![CDATA[2018-12-03 01:41:57.927  INFO 13416 --- [    Test worker] .b.t.c.SpringBootTestContextBootstrapper : Neither @ContextConfiguration nor @ContextHierarchy found for test class [com.bt.phonecontrol.reservation.ReservationControllerTest], using SpringBootContextLoader
2018-12-03 01:41:57.941  INFO 13416 --- [    Test worker] o.s.t.c.support.AbstractContextLoader    : Could not detect default resource locations for test class [com.bt.phonecontrol.reservation.ReservationControllerTest]: no resource found for suffixes {-context.xml, Context.groovy}.
2018-12-03 01:41:57.946  INFO 13416 --- [    Test worker] t.c.s.AnnotationConfigContextLoaderUtils : Could not detect default configuration classes for test class [com.bt.phonecontrol.reservation.ReservationControllerTest]: ReservationControllerTest does not declare any static, non-private, non-final, nested classes annotated with @Configuration.
2018-12-03 01:41:58.043  INFO 13416 --- [    Test worker] .b.t.c.SpringBootTestContextBootstrapper : Found @SpringBootConfiguration com.bt.phonecontrol.PhoneControlApplication for test class com.bt.phonecontrol.reservation.ReservationControllerTest
2018-12-03 01:41:58.051  INFO 13416 --- [    Test worker] .b.t.c.SpringBootTestContextBootstrapper : Loaded default TestExecutionListener class names from location [META-INF/spring.factories]: [org.springframework.boot.test.autoconfigure.restdocs.RestDocsTestExecutionListener, org.springframework.boot.test.autoconfigure.web.client.MockRestServiceServerResetTestExecutionListener, org.springframework.boot.test.autoconfigure.web.servlet.MockMvcPrintOnlyOnFailureTestExecutionListener, org.springframework.boot.test.autoconfigure.web.servlet.WebDriverTestExecutionListener, org.springframework.boot.test.mock.mockito.MockitoTestExecutionListener, org.springframework.boot.test.mock.mockito.ResetMocksTestExecutionListener, org.springframework.test.context.web.ServletTestExecutionListener, org.springframework.test.context.support.DirtiesContextBeforeModesTestExecutionListener, org.springframework.test.context.support.DependencyInjectionTestExecutionListener, org.springframework.test.context.support.DirtiesContextTestExecutionListener, org.springframework.test.context.transaction.TransactionalTestExecutionListener, org.springframework.test.context.jdbc.SqlScriptsTestExecutionListener]
2018-12-03 01:41:58.056  INFO 13416 --- [    Test worker] .b.t.c.SpringBootTestContextBootstrapper : Using TestExecutionListeners: [org.springframework.test.context.web.ServletTestExecutionListener@154d99da, org.springframework.test.context.support.DirtiesContextBeforeModesTestExecutionListener@4b7d6d0d, org.springframework.boot.test.mock.mockito.MockitoTestExecutionListener@6d2cd198, org.springframework.boot.test.autoconfigure.SpringBootDependencyInjectionTestExecutionListener@77c198ff, org.springframework.test.context.support.DirtiesContextTestExecutionListener@ebb5c94, org.springframework.test.context.transaction.TransactionalTestExecutionListener@2e0e5d4b, org.springframework.test.context.jdbc.SqlScriptsTestExecutionListener@2525e903, org.springframework.boot.test.autoconfigure.restdocs.RestDocsTestExecutionListener@5e589b38, org.springframework.boot.test.autoconfigure.web.client.MockRestServiceServerResetTestExecutionListener@a53239b, org.springframework.boot.test.autoconfigure.web.servlet.MockMvcPrintOnlyOnFailureTestExecutionListener@56ebd39f, org.springframework.boot.test.autoconfigure.web.servlet.WebDriverTestExecutionListener@5c0c55b0, org.springframework.boot.test.mock.mockito.ResetMocksTestExecutionListener@46978452]
]]></system-out>
  <system-err><![CDATA[]]></system-err>
</testsuite>
